Change Component Footprint: Designator=J-1 Old Footprint=Conects New Footprint=connecter-PWR
Change Component Designator: OldDesignator=C5 NewDesignator=C7
Change Component Designator: OldDesignator=C6 NewDesignator=C9
Change Component Designator: OldDesignator=C7 NewDesignator=C5
Change Component Designator: OldDesignator=C8 NewDesignator=C6
Change Component Designator: OldDesignator=C9 NewDesignator=C10
Change Component Designator: OldDesignator=C10 NewDesignator=C11
Change Component Designator: OldDesignator=C11 NewDesignator=C12
Change Component Designator: OldDesignator=C12 NewDesignator=C13
Change Component Designator: OldDesignator=C13 NewDesignator=C14
Change Component Designator: OldDesignator=C14 NewDesignator=C15
Change Component Designator: OldDesignator=C15 NewDesignator=C16
Change Component Designator: OldDesignator=C16 NewDesignator=C17
Change Component Designator: OldDesignator=C17 NewDesignator=C18
Change Component Designator: OldDesignator=C18 NewDesignator=C19
Change Component Designator: OldDesignator=C19 NewDesignator=C20
Change Component Designator: OldDesignator=C20 NewDesignator=C21
Change Component Designator: OldDesignator=C21 NewDesignator=C22
Change Component Designator: OldDesignator=C22 NewDesignator=C23
Change Component Designator: OldDesignator=C23 NewDesignator=C24
Change Component Designator: OldDesignator=C24 NewDesignator=C25
Change Component Designator: OldDesignator=C25 NewDesignator=C26
Change Component Designator: OldDesignator=C26 NewDesignator=C27
Change Component Designator: OldDesignator=C27 NewDesignator=C28
Change Component Designator: OldDesignator=C28 NewDesignator=C29
Change Component Designator: OldDesignator=JP2 NewDesignator=JP3
Change Component Designator: OldDesignator=JP3 NewDesignator=JP4
Change Component Designator: OldDesignator=R6 NewDesignator=R8
Change Component Designator: OldDesignator=R7 NewDesignator=R9
Change Component Designator: OldDesignator=R8 NewDesignator=R10
Change Component Designator: OldDesignator=R9 NewDesignator=R11
Change Component Designator: OldDesignator=R10 NewDesignator=R13
Change Component Designator: OldDesignator=R11 NewDesignator=R12
Change Component Designator: OldDesignator=R12 NewDesignator=R14
Change Component Designator: OldDesignator=R13 NewDesignator=R15
Change Component Designator: OldDesignator=R14 NewDesignator=R16
Change Component Designator: OldDesignator=R15 NewDesignator=R17
Change Component Designator: OldDesignator=R16 NewDesignator=R18
Change Component Description : Designator=U3 Old Description=IC New Description=IC | 低压线性稳压器
Change Component Description : Designator=V1 Old Description=IC New Description=IC | 低压线性稳压芯片
Change Component Description : Designator=Q1 Old Description=三极管 New Description=三极管 | 高频放大-PNP型
Change Component Description : Designator=D3 Old Description=二极管 New Description=二极管 | 白色LED
Change Component Description : Designator=D4 Old Description=二极管 New Description=二极管 | 白色LED
Change Component Description : Designator=D1 Old Description=二极管 New Description=二极管 | 肖特基二极管
Change Component Description : Designator=D2 Old Description=二极管 New Description=二极管 | 肖特基二极管
Change Component Description : Designator=DZ1 Old Description=二极管 New Description=二极管 | 齐纳二极管
Change Component Description : Designator=DZ2 Old Description=二极管 New Description=二极管 | 齐纳二极管
Change Component Description : Designator=JP3 Old Description=插接件 New Description=插接件 | SH系列
Change Component Description : Designator=JP4 Old Description=插接件 New Description=插接件 | SH系列
Change Component Description : Designator=J-1 Old Description=插接件 New Description=插接件 | 电源接口
Change Component Description : Designator=JP1 Old Description=显示屏 New Description=显示屏 | 1.14寸液晶显示屏
Change Component Description : Designator=Y1 Old Description=晶振 New Description=晶振 | 村田贴片
Change Component Description : Designator=E1 Old Description=电容 New Description=电容 | 电解电容
Change Component Description : Designator=E2 Old Description=电容 New Description=电容 | 钽电容
Change Component Description : Designator=E3 Old Description=电容 New Description=电容 | 钽电容
Change Component Description : Designator=C1 Old Description=电容 New Description=电容 | 陶瓷电容
Change Component Description : Designator=C2 Old Description=电容 New Description=电容 | 陶瓷电容
Change Component Description : Designator=C3 Old Description=电容 New Description=电容 | 陶瓷电容
Change Component Description : Designator=C4 Old Description=电容 New Description=电容 | 陶瓷电容
Change Component Description : Designator=C7 Old Description=电容 New Description=电容 | 陶瓷电容
Change Component Description : Designator=C9 Old Description=电容 New Description=电容 | 陶瓷电容
Change Component Description : Designator=C5 Old Description=电容 New Description=电容 | 陶瓷电容
Change Component Description : Designator=C6 Old Description=电容 New Description=电容 | 陶瓷电容
Change Component Description : Designator=C10 Old Description=电容 New Description=电容 | 陶瓷电容
Change Component Description : Designator=C11 Old Description=电容 New Description=电容 | 陶瓷电容
Change Component Description : Designator=C12 Old Description=电容 New Description=电容 | 陶瓷电容
Change Component Description : Designator=C13 Old Description=电容 New Description=电容 | 陶瓷电容
Change Component Description : Designator=C14 Old Description=电容 New Description=电容 | 陶瓷电容
Change Component Description : Designator=C15 Old Description=电容 New Description=电容 | 陶瓷电容
Change Component Description : Designator=C16 Old Description=电容 New Description=电容 | 陶瓷电容
Change Component Description : Designator=C17 Old Description=电容 New Description=电容 | 陶瓷电容
Change Component Description : Designator=C18 Old Description=电容 New Description=电容 | 陶瓷电容
Change Component Description : Designator=C19 Old Description=电容 New Description=电容 | 陶瓷电容
Change Component Description : Designator=C20 Old Description=电容 New Description=电容 | 陶瓷电容
Change Component Description : Designator=C21 Old Description=电容 New Description=电容 | 陶瓷电容
Change Component Description : Designator=C22 Old Description=电容 New Description=电容 | 陶瓷电容
Change Component Description : Designator=C23 Old Description=电容 New Description=电容 | 陶瓷电容
Change Component Description : Designator=C24 Old Description=电容 New Description=电容 | 陶瓷电容
Change Component Description : Designator=C25 Old Description=电容 New Description=电容 | 陶瓷电容
Change Component Description : Designator=C26 Old Description=电容 New Description=电容 | 陶瓷电容
Change Component Description : Designator=C27 Old Description=电容 New Description=电容 | 陶瓷电容
Change Component Description : Designator=C28 Old Description=电容 New Description=电容 | 陶瓷电容
Change Component Description : Designator=C29 Old Description=电容 New Description=电容 | 陶瓷电容
Change Component Description : Designator=L1 Old Description=电感 New Description=电感 | 贴片功率电感
Change Component Description : Designator=R1 Old Description=电阻 New Description=电阻 | 贴片电阻
Change Component Description : Designator=R2 Old Description=电阻 New Description=电阻 | 贴片电阻
Change Component Description : Designator=R3 Old Description=电阻 New Description=电阻 | 贴片电阻
Change Component Description : Designator=R4 Old Description=电阻 New Description=电阻 | 贴片电阻
Change Component Description : Designator=R5 Old Description=电阻 New Description=电阻 | 贴片电阻
Change Component Description : Designator=R8 Old Description=电阻 New Description=电阻 | 贴片电阻
Change Component Description : Designator=R9 Old Description=电阻 New Description=电阻 | 贴片电阻
Change Component Description : Designator=R10 Old Description=电阻 New Description=电阻 | 贴片电阻
Change Component Description : Designator=R11 Old Description=电阻 New Description=电阻 | 贴片电阻
Change Component Description : Designator=R13 Old Description=电阻 New Description=电阻 | 贴片电阻
Change Component Description : Designator=R12 Old Description=电阻 New Description=电阻 | 贴片电阻
Change Component Description : Designator=R14 Old Description=电阻 New Description=电阻 | 贴片电阻
Change Component Description : Designator=R15 Old Description=电阻 New Description=电阻 | 贴片电阻
Change Component Description : Designator=R16 Old Description=电阻 New Description=电阻 | 贴片电阻
Change Component Description : Designator=R17 Old Description=电阻 New Description=电阻 | 贴片电阻
Change Component Description : Designator=R18 Old Description=电阻 New Description=电阻 | 贴片电阻
Change Component Description : Designator=K1 Old Description=轻触开关 New Description=轻触开关 | 3.4x3.5四脚
Change Component Description : Designator=K2 Old Description=轻触开关 New Description=轻触开关 | 3.4x3.5四脚
Added Component: Designator=C8(C0402_L)
Add component (AddParameter): Name = "BOM名称"; Value = "无极性贴片电容"; VariantName = "[No Variations]"
Add component (AddParameter): Name = "学习资源"; Value = "www.ooocke.com"; VariantName = "[No Variations]"
Add component (AddParameter): Name = "版权归属"; Value = "源创客"; VariantName = "[No Variations]"
Added Component: Designator=JP2(connecter-stamps-4p)
Add component (AddParameter): Name = "BOM名称"; Value = "4P接插件"; VariantName = "[No Variations]"
Add component (AddParameter): Name = "封装库来自淘宝卖家ID:黄晶宝石"; Value = "其他店铺购入均为盗版假冒封装库，请立即申请退款，本店现金奖励20~200元"; VariantName = "[No Variations]"
Add component (AddParameter): Name = "联系卖家，免费查找封装"; Value = "唯一出售店铺网址https://shop463601444.taobao.com"; VariantName = "[No Variations]"
Added Component: Designator=JP5(connecter-stamps-12p)
Add component (AddParameter): Name = "BOM名称"; Value = "6*2P接插件"; VariantName = "[No Variations]"
Add component (AddParameter): Name = "封装库来自淘宝卖家ID:黄晶宝石"; Value = "其他店铺购入均为盗版假冒封装库，请立即申请退款，本店现金奖励20~200元"; VariantName = "[No Variations]"
Add component (AddParameter): Name = "联系卖家，免费查找封装"; Value = "唯一出售店铺网址https://shop463601444.taobao.com"; VariantName = "[No Variations]"
Added Component: Designator=R6(R0402_L)
Add component (AddParameter): Name = "BOM名称"; Value = "贴片电阻"; VariantName = "[No Variations]"
Add component (AddParameter): Name = "学习资源"; Value = "www.ooocke.com"; VariantName = "[No Variations]"
Add component (AddParameter): Name = "版权归属"; Value = "源创客"; VariantName = "[No Variations]"
Added Component: Designator=R7(R0402_L)
Add component (AddParameter): Name = "BOM名称"; Value = "贴片电阻"; VariantName = "[No Variations]"
Add component (AddParameter): Name = "学习资源"; Value = "www.ooocke.com"; VariantName = "[No Variations]"
Add component (AddParameter): Name = "版权归属"; Value = "源创客"; VariantName = "[No Variations]"
Added Pin To Net: NetName=PGND Pin=C8-1
Added Pin To Net: NetName=PVCC Pin=R6-1
Added Pin To Net: NetName=PGND Pin=R7-2
Added Pin To Net: NetName=SO1 Pin=U1-27
Added Pin To Net: NetName=SO2 Pin=U1-28
Change Net Name : Old Net Name=NetC5_1 New Net Name=NetC7_1
Change Net Name : Old Net Name=NetC5_2 New Net Name=NetC7_2
Change Net Name : Old Net Name=NetC6_2 New Net Name=NetC9_2
Change Net Name : Old Net Name=NetC10_2 New Net Name=NetC11_2
Change Net Name : Old Net Name=NetC11_2 New Net Name=NetC12_2
Change Net Name : Old Net Name=NetC12_1 New Net Name=NetC13_1
Change Net Name : Old Net Name=NetC12_2 New Net Name=NetC13_2
Change Net Name : Old Net Name=NetC13_2 New Net Name=NetC14_2
Change Net Name : Old Net Name=NetC14_2 New Net Name=NetC15_2
Change Net Name : Old Net Name=NetC16_2 New Net Name=NetC17_2
Change Net Name : Old Net Name=NetC17_2 New Net Name=NetC18_2
Change Net Name : Old Net Name=NetC20_2 New Net Name=NetC21_2
Change Net Name : Old Net Name=NetC24_1 New Net Name=NetC25_1
Change Net Name : Old Net Name=NetR7_1 New Net Name=NetR9_1
Change Net Name : Old Net Name=NetR9_1 New Net Name=NetR11_1
Added Pin To Net: NetName=ADC1 Pin=C8-2
Added Pin To Net: NetName=ADC1 Pin=R6-2
Added Pin To Net: NetName=ADC1 Pin=R7-1
Added Pin To Net: NetName=ADC1 Pin=U1-26
Added Net: Name=ADC1
Added Member To Class: ClassName=Main Member=Component C29 1uF
Added Member To Class: ClassName=Main Member=Component JP4 CON-6P
Added Member To Class: ClassName=Main Member=Component JP5 Header 6X2
Added Member To Class: ClassName=Main Member=Component R17 10R
Added Member To Class: ClassName=Main Member=Component R18 10K
Added Room: Name=Main
