Added Component: Designator=C1(C0402_L)
Add component (AddParameter): Name = "BOM名称"; Value = "无极性贴片电容"; VariantName = "[No Variations]"
Add component (AddParameter): Name = "学习资源"; Value = "www.ooocke.com"; VariantName = "[No Variations]"
Add component (AddParameter): Name = "版权归属"; Value = "源创客"; VariantName = "[No Variations]"
Added Component: Designator=C2(C0603_L)
Add component (AddParameter): Name = "BOM名称"; Value = "无极性贴片电容"; VariantName = "[No Variations]"
Add component (AddParameter): Name = "学习资源"; Value = "www.ooocke.com"; VariantName = "[No Variations]"
Add component (AddParameter): Name = "版权归属"; Value = "源创客"; VariantName = "[No Variations]"
Added Component: Designator=C3(C0402_L)
Add component (AddParameter): Name = "BOM名称"; Value = "无极性贴片电容"; VariantName = "[No Variations]"
Add component (AddParameter): Name = "学习资源"; Value = "www.ooocke.com"; VariantName = "[No Variations]"
Add component (AddParameter): Name = "版权归属"; Value = "源创客"; VariantName = "[No Variations]"
Added Component: Designator=C4(C0402_L)
Add component (AddParameter): Name = "BOM名称"; Value = "无极性贴片电容"; VariantName = "[No Variations]"
Add component (AddParameter): Name = "学习资源"; Value = "www.ooocke.com"; VariantName = "[No Variations]"
Add component (AddParameter): Name = "版权归属"; Value = "源创客"; VariantName = "[No Variations]"
Added Component: Designator=C5(C0402_L)
Add component (AddParameter): Name = "BOM名称"; Value = "无极性贴片电容"; VariantName = "[No Variations]"
Add component (AddParameter): Name = "学习资源"; Value = "www.ooocke.com"; VariantName = "[No Variations]"
Add component (AddParameter): Name = "版权归属"; Value = "源创客"; VariantName = "[No Variations]"
Added Component: Designator=C6(C0402_L)
Add component (AddParameter): Name = "BOM名称"; Value = "无极性贴片电容"; VariantName = "[No Variations]"
Add component (AddParameter): Name = "学习资源"; Value = "www.ooocke.com"; VariantName = "[No Variations]"
Add component (AddParameter): Name = "版权归属"; Value = "源创客"; VariantName = "[No Variations]"
Added Component: Designator=C7(C0402_L)
Add component (AddParameter): Name = "BOM名称"; Value = "无极性贴片电容"; VariantName = "[No Variations]"
Add component (AddParameter): Name = "学习资源"; Value = "www.ooocke.com"; VariantName = "[No Variations]"
Add component (AddParameter): Name = "版权归属"; Value = "源创客"; VariantName = "[No Variations]"
Added Component: Designator=C8(C0402_L)
Add component (AddParameter): Name = "BOM名称"; Value = "无极性贴片电容"; VariantName = "[No Variations]"
Add component (AddParameter): Name = "学习资源"; Value = "www.ooocke.com"; VariantName = "[No Variations]"
Add component (AddParameter): Name = "版权归属"; Value = "源创客"; VariantName = "[No Variations]"
Added Component: Designator=C9(C0402_L)
Add component (AddParameter): Name = "BOM名称"; Value = "无极性贴片电容"; VariantName = "[No Variations]"
Add component (AddParameter): Name = "学习资源"; Value = "www.ooocke.com"; VariantName = "[No Variations]"
Add component (AddParameter): Name = "版权归属"; Value = "源创客"; VariantName = "[No Variations]"
Added Component: Designator=C10(C0402_L)
Add component (AddParameter): Name = "BOM名称"; Value = "无极性贴片电容"; VariantName = "[No Variations]"
Add component (AddParameter): Name = "学习资源"; Value = "www.ooocke.com"; VariantName = "[No Variations]"
Add component (AddParameter): Name = "版权归属"; Value = "源创客"; VariantName = "[No Variations]"
Added Component: Designator=C11(C0402_L)
Add component (AddParameter): Name = "BOM名称"; Value = "无极性贴片电容"; VariantName = "[No Variations]"
Add component (AddParameter): Name = "学习资源"; Value = "www.ooocke.com"; VariantName = "[No Variations]"
Add component (AddParameter): Name = "版权归属"; Value = "源创客"; VariantName = "[No Variations]"
Added Component: Designator=C12(C0402_L)
Add component (AddParameter): Name = "BOM名称"; Value = "无极性贴片电容"; VariantName = "[No Variations]"
Add component (AddParameter): Name = "学习资源"; Value = "www.ooocke.com"; VariantName = "[No Variations]"
Add component (AddParameter): Name = "版权归属"; Value = "源创客"; VariantName = "[No Variations]"
Added Component: Designator=C13(C0402_L)
Add component (AddParameter): Name = "BOM名称"; Value = "无极性贴片电容"; VariantName = "[No Variations]"
Add component (AddParameter): Name = "学习资源"; Value = "www.ooocke.com"; VariantName = "[No Variations]"
Add component (AddParameter): Name = "版权归属"; Value = "源创客"; VariantName = "[No Variations]"
Added Component: Designator=C14(C0402_L)
Add component (AddParameter): Name = "BOM名称"; Value = "无极性贴片电容"; VariantName = "[No Variations]"
Add component (AddParameter): Name = "学习资源"; Value = "www.ooocke.com"; VariantName = "[No Variations]"
Add component (AddParameter): Name = "版权归属"; Value = "源创客"; VariantName = "[No Variations]"
Added Component: Designator=C15(C0402_L)
Add component (AddParameter): Name = "BOM名称"; Value = "无极性贴片电容"; VariantName = "[No Variations]"
Add component (AddParameter): Name = "学习资源"; Value = "www.ooocke.com"; VariantName = "[No Variations]"
Add component (AddParameter): Name = "版权归属"; Value = "源创客"; VariantName = "[No Variations]"
Added Component: Designator=C16(C0402_L)
Add component (AddParameter): Name = "BOM名称"; Value = "无极性贴片电容"; VariantName = "[No Variations]"
Add component (AddParameter): Name = "学习资源"; Value = "www.ooocke.com"; VariantName = "[No Variations]"
Add component (AddParameter): Name = "版权归属"; Value = "源创客"; VariantName = "[No Variations]"
Added Component: Designator=C17(C0402_L)
Add component (AddParameter): Name = "BOM名称"; Value = "无极性贴片电容"; VariantName = "[No Variations]"
Add component (AddParameter): Name = "学习资源"; Value = "www.ooocke.com"; VariantName = "[No Variations]"
Add component (AddParameter): Name = "版权归属"; Value = "源创客"; VariantName = "[No Variations]"
Added Component: Designator=C18(C0402_L)
Add component (AddParameter): Name = "BOM名称"; Value = "无极性贴片电容"; VariantName = "[No Variations]"
Add component (AddParameter): Name = "学习资源"; Value = "www.ooocke.com"; VariantName = "[No Variations]"
Add component (AddParameter): Name = "版权归属"; Value = "源创客"; VariantName = "[No Variations]"
Added Component: Designator=C19(C0402_L)
Add component (AddParameter): Name = "BOM名称"; Value = "无极性贴片电容"; VariantName = "[No Variations]"
Add component (AddParameter): Name = "学习资源"; Value = "www.ooocke.com"; VariantName = "[No Variations]"
Add component (AddParameter): Name = "版权归属"; Value = "源创客"; VariantName = "[No Variations]"
Added Component: Designator=C20(C0402_L)
Add component (AddParameter): Name = "BOM名称"; Value = "无极性贴片电容"; VariantName = "[No Variations]"
Add component (AddParameter): Name = "学习资源"; Value = "www.ooocke.com"; VariantName = "[No Variations]"
Add component (AddParameter): Name = "版权归属"; Value = "源创客"; VariantName = "[No Variations]"
Added Component: Designator=C21(C0402_L)
Add component (AddParameter): Name = "BOM名称"; Value = "无极性贴片电容"; VariantName = "[No Variations]"
Add component (AddParameter): Name = "学习资源"; Value = "www.ooocke.com"; VariantName = "[No Variations]"
Add component (AddParameter): Name = "版权归属"; Value = "源创客"; VariantName = "[No Variations]"
Added Component: Designator=C22(C0603_L)
Add component (AddParameter): Name = "BOM名称"; Value = "无极性贴片电容"; VariantName = "[No Variations]"
Add component (AddParameter): Name = "学习资源"; Value = "www.ooocke.com"; VariantName = "[No Variations]"
Add component (AddParameter): Name = "版权归属"; Value = "源创客"; VariantName = "[No Variations]"
Added Component: Designator=C23(C0402_L)
Add component (AddParameter): Name = "BOM名称"; Value = "无极性贴片电容"; VariantName = "[No Variations]"
Add component (AddParameter): Name = "学习资源"; Value = "www.ooocke.com"; VariantName = "[No Variations]"
Add component (AddParameter): Name = "版权归属"; Value = "源创客"; VariantName = "[No Variations]"
Added Component: Designator=C24(C0402_L)
Add component (AddParameter): Name = "BOM名称"; Value = "无极性贴片电容"; VariantName = "[No Variations]"
Add component (AddParameter): Name = "学习资源"; Value = "www.ooocke.com"; VariantName = "[No Variations]"
Add component (AddParameter): Name = "版权归属"; Value = "源创客"; VariantName = "[No Variations]"
Added Component: Designator=C25(C0402_L)
Add component (AddParameter): Name = "BOM名称"; Value = "无极性贴片电容"; VariantName = "[No Variations]"
Add component (AddParameter): Name = "学习资源"; Value = "www.ooocke.com"; VariantName = "[No Variations]"
Add component (AddParameter): Name = "版权归属"; Value = "源创客"; VariantName = "[No Variations]"
Added Component: Designator=C26(C0402_L)
Add component (AddParameter): Name = "BOM名称"; Value = "无极性贴片电容"; VariantName = "[No Variations]"
Add component (AddParameter): Name = "学习资源"; Value = "www.ooocke.com"; VariantName = "[No Variations]"
Add component (AddParameter): Name = "版权归属"; Value = "源创客"; VariantName = "[No Variations]"
Added Component: Designator=C27(C0402_L)
Add component (AddParameter): Name = "BOM名称"; Value = "无极性贴片电容"; VariantName = "[No Variations]"
Add component (AddParameter): Name = "学习资源"; Value = "www.ooocke.com"; VariantName = "[No Variations]"
Add component (AddParameter): Name = "版权归属"; Value = "源创客"; VariantName = "[No Variations]"
Added Component: Designator=C28(C0402_L)
Add component (AddParameter): Name = "BOM名称"; Value = "无极性贴片电容"; VariantName = "[No Variations]"
Add component (AddParameter): Name = "学习资源"; Value = "www.ooocke.com"; VariantName = "[No Variations]"
Add component (AddParameter): Name = "版权归属"; Value = "源创客"; VariantName = "[No Variations]"
Added Component: Designator=C29(C0402_L)
Add component (AddParameter): Name = "BOM名称"; Value = "无极性贴片电容"; VariantName = "[No Variations]"
Add component (AddParameter): Name = "学习资源"; Value = "www.ooocke.com"; VariantName = "[No Variations]"
Add component (AddParameter): Name = "版权归属"; Value = "源创客"; VariantName = "[No Variations]"
Added Component: Designator=D1(SMB)
Add component (AddParameter): Name = "BOM名称"; Value = "肖特基二极管"; VariantName = "[No Variations]"
Add component (AddParameter): Name = "以赠品形式获赠本封装库的买家，还可联系卖家免费指导AD软件使用"; Value = "封装库来自淘宝卖家ID：黄晶宝石"; VariantName = "[No Variations]"
Add component (AddParameter): Name = "属性"; Value = "40V/5A"; VariantName = "[No Variations]"
Added Component: Designator=D2(SOD-323)
Add component (AddParameter): Name = "BOM名称"; Value = "肖特基二极管"; VariantName = "[No Variations]"
Add component (AddParameter): Name = "以赠品形式获赠本封装库的买家，还可联系卖家免费指导AD软件使用"; Value = "封装库来自淘宝卖家ID：黄晶宝石"; VariantName = "[No Variations]"
Added Component: Designator=D3(LED 0402)
Added Component: Designator=D4(LED 0402)
Added Component: Designator=DZ1(SOD-123)
Add component (AddParameter): Name = "BOM名称"; Value = "30V/0.5W稳压管"; VariantName = "[No Variations]"
Add component (AddParameter): Name = "以赠品形式获赠本封装库的买家，还可联系卖家免费指导AD软件使用"; Value = "封装库来自淘宝卖家ID：黄晶宝石"; VariantName = "[No Variations]"
Added Component: Designator=DZ2(SOD-123)
Add component (AddParameter): Name = "BOM名称"; Value = "30V/0.5W稳压管"; VariantName = "[No Variations]"
Add component (AddParameter): Name = "以赠品形式获赠本封装库的买家，还可联系卖家免费指导AD软件使用"; Value = "封装库来自淘宝卖家ID：黄晶宝石"; VariantName = "[No Variations]"
Added Component: Designator=E1(CE D(6.3*5.4))
Add component (AddParameter): Name = "BOM名称"; Value = "贴片电解电容"; VariantName = "[No Variations]"
Add component (AddParameter): Name = "学习资源"; Value = "www.ooocke.com"; VariantName = "[No Variations]"
Add component (AddParameter): Name = "版权归属"; Value = "源创客"; VariantName = "[No Variations]"
Added Component: Designator=E2(C_3528)
Add component (AddParameter): Name = "BOM名称"; Value = "贴片电解电容"; VariantName = "[No Variations]"
Add component (AddParameter): Name = "学习资源"; Value = "www.ooocke.com"; VariantName = "[No Variations]"
Add component (AddParameter): Name = "版权归属"; Value = "源创客"; VariantName = "[No Variations]"
Added Component: Designator=E3(C_3528)
Add component (AddParameter): Name = "BOM名称"; Value = "贴片电解电容"; VariantName = "[No Variations]"
Add component (AddParameter): Name = "学习资源"; Value = "www.ooocke.com"; VariantName = "[No Variations]"
Add component (AddParameter): Name = "版权归属"; Value = "源创客"; VariantName = "[No Variations]"
Added Component: Designator=F1(R0805_L)
Added Component: Designator=FB1(R0603_L)
Added Component: Designator=FB2(R0603_L)
Added Component: Designator=FB3(R1206_L)
Added Component: Designator=J-1(connecter-PWR)
Add component (AddParameter): Name = "BOM名称"; Value = "USB-A型母接口"; VariantName = "[No Variations]"
Add component (AddParameter): Name = "学习资源"; Value = "www.ooocke.com"; VariantName = "[No Variations]"
Add component (AddParameter): Name = "版权归属"; Value = "源创客"; VariantName = "[No Variations]"
Added Component: Designator=JP1(IPS1.14 FPC0.5 2H-WS-8P)
Add component (AddParameter): Name = "BOM名称"; Value = "FPC连接器"; VariantName = "[No Variations]"
Add component (AddParameter): Name = "学习资源"; Value = "www.ooocke.com"; VariantName = "[No Variations]"
Add component (AddParameter): Name = "版权归属"; Value = "源创客"; VariantName = "[No Variations]"
Added Component: Designator=JP2(connecter-stamps-4p)
Add component (AddParameter): Name = "BOM名称"; Value = "4P接插件"; VariantName = "[No Variations]"
Add component (AddParameter): Name = "封装库来自淘宝卖家ID:黄晶宝石"; Value = "其他店铺购入均为盗版假冒封装库，请立即申请退款，本店现金奖励20~200元"; VariantName = "[No Variations]"
Add component (AddParameter): Name = "联系卖家，免费查找封装"; Value = "唯一出售店铺网址https://shop463601444.taobao.com"; VariantName = "[No Variations]"
Added Component: Designator=JP3(SH1.0-6P)
Add component (AddParameter): Name = "BOM名称"; Value = "6P连接器"; VariantName = "[No Variations]"
Add component (AddParameter): Name = "联系卖家 免费技术支持"; Value = "封装库来自淘宝卖家ID：黄晶宝石"; VariantName = "[No Variations]"
Add component (AddParameter): Name = "联系卖家 免费查找封装"; Value = "唯一出售店铺网址https://shop463601444.taobao.com"; VariantName = "[No Variations]"
Added Component: Designator=JP4(SH1.0-6P)
Add component (AddParameter): Name = "BOM名称"; Value = "6P连接器"; VariantName = "[No Variations]"
Add component (AddParameter): Name = "联系卖家 免费技术支持"; Value = "封装库来自淘宝卖家ID：黄晶宝石"; VariantName = "[No Variations]"
Add component (AddParameter): Name = "联系卖家 免费查找封装"; Value = "唯一出售店铺网址https://shop463601444.taobao.com"; VariantName = "[No Variations]"
Added Component: Designator=JP5(connecter-stamps-12p)
Add component (AddParameter): Name = "BOM名称"; Value = "6*2P接插件"; VariantName = "[No Variations]"
Add component (AddParameter): Name = "封装库来自淘宝卖家ID:黄晶宝石"; Value = "其他店铺购入均为盗版假冒封装库，请立即申请退款，本店现金奖励20~200元"; VariantName = "[No Variations]"
Add component (AddParameter): Name = "联系卖家，免费查找封装"; Value = "唯一出售店铺网址https://shop463601444.taobao.com"; VariantName = "[No Variations]"
Added Component: Designator=K1(ButtonTACT_3.5*3.55_90)
Add component (AddParameter): Name = "type"; Value = "TACT 4P"; VariantName = "[No Variations]"
Add component (AddParameter): Name = "value"; Value = "3.4x3.5"; VariantName = "[No Variations]"
Added Component: Designator=K2(ButtonTACT_3.5*3.55_90)
Add component (AddParameter): Name = "type"; Value = "TACT 4P"; VariantName = "[No Variations]"
Add component (AddParameter): Name = "value"; Value = "3.4x3.5"; VariantName = "[No Variations]"
Added Component: Designator=L1(NR5040)
Add component (AddParameter): Name = "BOM名称"; Value = "功率电感"; VariantName = "[No Variations]"
Add component (AddParameter): Name = "学习资源"; Value = "www.ooocke.com"; VariantName = "[No Variations]"
Add component (AddParameter): Name = "版权归属"; Value = "源创客"; VariantName = "[No Variations]"
Added Component: Designator=Q1(SOT23)
Add component (AddParameter): Name = "BOM名称"; Value = "高频放大-PNP型"; VariantName = "[No Variations]"
Add component (AddParameter): Name = "学习资源"; Value = "www.ooocke.com"; VariantName = "[No Variations]"
Add component (AddParameter): Name = "属性"; Value = "40V 1.5A 1W 100MHZ"; VariantName = "[No Variations]"
Add component (AddParameter): Name = "版权归属"; Value = "源创客"; VariantName = "[No Variations]"
Added Component: Designator=R1(R0402_L)
Add component (AddParameter): Name = "BOM名称"; Value = "贴片电阻"; VariantName = "[No Variations]"
Add component (AddParameter): Name = "学习资源"; Value = "www.ooocke.com"; VariantName = "[No Variations]"
Add component (AddParameter): Name = "版权归属"; Value = "源创客"; VariantName = "[No Variations]"
Added Component: Designator=R2(R0402_L)
Add component (AddParameter): Name = "BOM名称"; Value = "贴片电阻"; VariantName = "[No Variations]"
Add component (AddParameter): Name = "学习资源"; Value = "www.ooocke.com"; VariantName = "[No Variations]"
Add component (AddParameter): Name = "版权归属"; Value = "源创客"; VariantName = "[No Variations]"
Added Component: Designator=R3(R0402_L)
Add component (AddParameter): Name = "BOM名称"; Value = "贴片电阻"; VariantName = "[No Variations]"
Add component (AddParameter): Name = "学习资源"; Value = "www.ooocke.com"; VariantName = "[No Variations]"
Add component (AddParameter): Name = "版权归属"; Value = "源创客"; VariantName = "[No Variations]"
Added Component: Designator=R4(R0402_L)
Add component (AddParameter): Name = "BOM名称"; Value = "贴片电阻"; VariantName = "[No Variations]"
Add component (AddParameter): Name = "学习资源"; Value = "www.ooocke.com"; VariantName = "[No Variations]"
Add component (AddParameter): Name = "版权归属"; Value = "源创客"; VariantName = "[No Variations]"
Added Component: Designator=R5(R0402_L)
Add component (AddParameter): Name = "BOM名称"; Value = "贴片电阻"; VariantName = "[No Variations]"
Add component (AddParameter): Name = "学习资源"; Value = "www.ooocke.com"; VariantName = "[No Variations]"
Add component (AddParameter): Name = "版权归属"; Value = "源创客"; VariantName = "[No Variations]"
Added Component: Designator=R6(R0402_L)
Add component (AddParameter): Name = "BOM名称"; Value = "贴片电阻"; VariantName = "[No Variations]"
Add component (AddParameter): Name = "学习资源"; Value = "www.ooocke.com"; VariantName = "[No Variations]"
Add component (AddParameter): Name = "版权归属"; Value = "源创客"; VariantName = "[No Variations]"
Added Component: Designator=R7(R0402_L)
Add component (AddParameter): Name = "BOM名称"; Value = "贴片电阻"; VariantName = "[No Variations]"
Add component (AddParameter): Name = "学习资源"; Value = "www.ooocke.com"; VariantName = "[No Variations]"
Add component (AddParameter): Name = "版权归属"; Value = "源创客"; VariantName = "[No Variations]"
Added Component: Designator=R8(R0402_L)
Add component (AddParameter): Name = "BOM名称"; Value = "贴片电阻"; VariantName = "[No Variations]"
Add component (AddParameter): Name = "学习资源"; Value = "www.ooocke.com"; VariantName = "[No Variations]"
Add component (AddParameter): Name = "版权归属"; Value = "源创客"; VariantName = "[No Variations]"
Added Component: Designator=R9(R0402_L)
Add component (AddParameter): Name = "BOM名称"; Value = "贴片电阻"; VariantName = "[No Variations]"
Add component (AddParameter): Name = "学习资源"; Value = "www.ooocke.com"; VariantName = "[No Variations]"
Add component (AddParameter): Name = "版权归属"; Value = "源创客"; VariantName = "[No Variations]"
Added Component: Designator=R10(R0402_L)
Add component (AddParameter): Name = "BOM名称"; Value = "贴片电阻"; VariantName = "[No Variations]"
Add component (AddParameter): Name = "学习资源"; Value = "www.ooocke.com"; VariantName = "[No Variations]"
Add component (AddParameter): Name = "版权归属"; Value = "源创客"; VariantName = "[No Variations]"
Added Component: Designator=R11(R0402_L)
Add component (AddParameter): Name = "BOM名称"; Value = "贴片电阻"; VariantName = "[No Variations]"
Add component (AddParameter): Name = "学习资源"; Value = "www.ooocke.com"; VariantName = "[No Variations]"
Add component (AddParameter): Name = "版权归属"; Value = "源创客"; VariantName = "[No Variations]"
Added Component: Designator=R12(R0402_L)
Add component (AddParameter): Name = "BOM名称"; Value = "贴片电阻"; VariantName = "[No Variations]"
Add component (AddParameter): Name = "学习资源"; Value = "www.ooocke.com"; VariantName = "[No Variations]"
Add component (AddParameter): Name = "版权归属"; Value = "源创客"; VariantName = "[No Variations]"
Added Component: Designator=R13(R0402_L)
Add component (AddParameter): Name = "BOM名称"; Value = "贴片电阻"; VariantName = "[No Variations]"
Add component (AddParameter): Name = "学习资源"; Value = "www.ooocke.com"; VariantName = "[No Variations]"
Add component (AddParameter): Name = "版权归属"; Value = "源创客"; VariantName = "[No Variations]"
Added Component: Designator=R14(R0402_L)
Add component (AddParameter): Name = "BOM名称"; Value = "贴片电阻"; VariantName = "[No Variations]"
Add component (AddParameter): Name = "学习资源"; Value = "www.ooocke.com"; VariantName = "[No Variations]"
Add component (AddParameter): Name = "版权归属"; Value = "源创客"; VariantName = "[No Variations]"
Added Component: Designator=R15(R0402_L)
Add component (AddParameter): Name = "BOM名称"; Value = "贴片电阻"; VariantName = "[No Variations]"
Add component (AddParameter): Name = "学习资源"; Value = "www.ooocke.com"; VariantName = "[No Variations]"
Add component (AddParameter): Name = "版权归属"; Value = "源创客"; VariantName = "[No Variations]"
Added Component: Designator=R16(R0402_L)
Add component (AddParameter): Name = "BOM名称"; Value = "贴片电阻"; VariantName = "[No Variations]"
Add component (AddParameter): Name = "学习资源"; Value = "www.ooocke.com"; VariantName = "[No Variations]"
Add component (AddParameter): Name = "版权归属"; Value = "源创客"; VariantName = "[No Variations]"
Added Component: Designator=R17(R0402_L)
Add component (AddParameter): Name = "BOM名称"; Value = "贴片电阻"; VariantName = "[No Variations]"
Add component (AddParameter): Name = "学习资源"; Value = "www.ooocke.com"; VariantName = "[No Variations]"
Add component (AddParameter): Name = "版权归属"; Value = "源创客"; VariantName = "[No Variations]"
Added Component: Designator=R18(R0402_L)
Add component (AddParameter): Name = "BOM名称"; Value = "贴片电阻"; VariantName = "[No Variations]"
Add component (AddParameter): Name = "学习资源"; Value = "www.ooocke.com"; VariantName = "[No Variations]"
Add component (AddParameter): Name = "版权归属"; Value = "源创客"; VariantName = "[No Variations]"
Added Component: Designator=U1(LQFP64 10x10_L)
Added Component: Designator=U2(DCA56_6P35X3P61)
Add component (AddParameter): Name = "Copyright"; Value = "Copyright (C) 2021 Ultra Librarian. All rights reserved."; VariantName = "[No Variations]"
Add component (AddParameter): Name = "Manufacturer_Part_Number"; Value = "DRV8301DCA"; VariantName = "[No Variations]"
Add component (AddParameter): Name = "Mfr_Name"; Value = "Texas Instruments"; VariantName = "[No Variations]"
Add component (AddParameter): Name = "RefDes"; Value = "RefDes"; VariantName = "[No Variations]"
Add component (AddParameter): Name = "Type"; Value = "DEV"; VariantName = "[No Variations]"
Added Component: Designator=U3(SOT23-5)
Added Component: Designator=U4(TSSOP-14_AMS-L)
Add component (AddParameter): Name = "Copyright"; Value = "Copyright (C) 2022 Ultra Librarian. All rights reserved."; VariantName = "[No Variations]"
Add component (AddParameter): Name = "Manufacturer_Part_Number"; Value = "AS5047P-ATST"; VariantName = "[No Variations]"
Add component (AddParameter): Name = "Mfr_Name"; Value = "ams OSRAM"; VariantName = "[No Variations]"
Add component (AddParameter): Name = "RefDes"; Value = "RefDes"; VariantName = "[No Variations]"
Add component (AddParameter): Name = "Type"; Value = "DEV"; VariantName = "[No Variations]"
Added Component: Designator=V1(SOT23)
Add component (AddParameter): Name = "BOM名称"; Value = "线性稳压芯片"; VariantName = "[No Variations]"
Add component (AddParameter): Name = "学习资源"; Value = "www.ooocke.com"; VariantName = "[No Variations]"
Add component (AddParameter): Name = "版权归属"; Value = "源创客"; VariantName = "[No Variations]"
Added Component: Designator=Y1(晶振-3P)
Added Pin To Net: NetName=PGND Pin=C1-1
Added Pin To Net: NetName=NetC1_2 Pin=C1-2
Added Pin To Net: NetName=PVCC Pin=C2-1
Added Pin To Net: NetName=PGND Pin=C2-2
Added Pin To Net: NetName=PGND Pin=C3-1
Added Pin To Net: NetName=NetC3_2 Pin=C3-2
Added Pin To Net: NetName=PVCC Pin=C4-1
Added Pin To Net: NetName=PGND Pin=C4-2
Added Pin To Net: NetName=GND Pin=C5-1
Added Pin To Net: NetName=3V3 Pin=C5-2
Added Pin To Net: NetName=GND Pin=C6-1
Added Pin To Net: NetName=3V3 Pin=C6-2
Added Pin To Net: NetName=NetC7_1 Pin=C7-1
Added Pin To Net: NetName=NetC7_2 Pin=C7-2
Added Pin To Net: NetName=PGND Pin=C8-1
Added Pin To Net: NetName=ADC1 Pin=C8-2
Added Pin To Net: NetName=SH_A Pin=C9-1
Added Pin To Net: NetName=NetC9_2 Pin=C9-2
Added Pin To Net: NetName=3V3 Pin=C10-1
Added Pin To Net: NetName=GND Pin=C10-2
Added Pin To Net: NetName=PGND Pin=C11-1
Added Pin To Net: NetName=NetC11_2 Pin=C11-2
Added Pin To Net: NetName=SH_B Pin=C12-1
Added Pin To Net: NetName=NetC12_2 Pin=C12-2
Added Pin To Net: NetName=NetC13_1 Pin=C13-1
Added Pin To Net: NetName=NetC13_2 Pin=C13-2
Added Pin To Net: NetName=SH_C Pin=C14-1
Added Pin To Net: NetName=NetC14_2 Pin=C14-2
Added Pin To Net: NetName=AGND Pin=C15-1
Added Pin To Net: NetName=NetC15_2 Pin=C15-2
Added Pin To Net: NetName=NRST Pin=C16-1
Added Pin To Net: NetName=GND Pin=C16-2
Added Pin To Net: NetName=SP1 Pin=C17-1
Added Pin To Net: NetName=NetC17_2 Pin=C17-2
Added Pin To Net: NetName=AGND Pin=C18-1
Added Pin To Net: NetName=NetC18_2 Pin=C18-2
Added Pin To Net: NetName=AGND Pin=C19-1
Added Pin To Net: NetName=SO1 Pin=C19-2
Added Pin To Net: NetName=AGND Pin=C20-1
Added Pin To Net: NetName=SO2 Pin=C20-2
Added Pin To Net: NetName=SP2 Pin=C21-1
Added Pin To Net: NetName=NetC21_2 Pin=C21-2
Added Pin To Net: NetName=PGND Pin=C22-1
Added Pin To Net: NetName=PVCC Pin=C22-2
Added Pin To Net: NetName=PGND Pin=C23-1
Added Pin To Net: NetName=PVCC Pin=C23-2
Added Pin To Net: NetName=GND Pin=C24-1
Added Pin To Net: NetName=AVCC Pin=C24-2
Added Pin To Net: NetName=NetC25_1 Pin=C25-1
Added Pin To Net: NetName=GND Pin=C25-2
Added Pin To Net: NetName=3V3 Pin=C26-1
Added Pin To Net: NetName=GND Pin=C26-2
Added Pin To Net: NetName=3V3 Pin=C27-1
Added Pin To Net: NetName=GND Pin=C27-2
Added Pin To Net: NetName=GND Pin=C28-1
Added Pin To Net: NetName=3V3 Pin=C28-2
Added Pin To Net: NetName=GND Pin=C29-1
Added Pin To Net: NetName=IPS3V3 Pin=C29-2
Added Pin To Net: NetName=PGND Pin=D1-1
Added Pin To Net: NetName=NetC7_1 Pin=D1-2
Added Pin To Net: NetName=5V Pin=D2-1
Added Pin To Net: NetName=NetD2_2 Pin=D2-2
Added Pin To Net: NetName=NetD3_1 Pin=D3-1
Added Pin To Net: NetName=GND Pin=D3-2
Added Pin To Net: NetName=NetD4_1 Pin=D4-1
Added Pin To Net: NetName=PGND Pin=D4-2
Added Pin To Net: NetName=GND Pin=DZ1-1
Added Pin To Net: NetName=3V3 Pin=DZ1-2
Added Pin To Net: NetName=GND Pin=DZ2-1
Added Pin To Net: NetName=3V3 Pin=DZ2-2
Added Pin To Net: NetName=5V Pin=E1-1
Added Pin To Net: NetName=PGND Pin=E1-2
Added Pin To Net: NetName=NetC25_1 Pin=E2-1
Added Pin To Net: NetName=GND Pin=E2-2
Added Pin To Net: NetName=3V3 Pin=E3-1
Added Pin To Net: NetName=GND Pin=E3-2
Added Pin To Net: NetName=NetD2_2 Pin=F1-1
Added Pin To Net: NetName=NetC25_1 Pin=F1-2
Added Pin To Net: NetName=AVCC Pin=FB1-1
Added Pin To Net: NetName=3V3 Pin=FB1-2
Added Pin To Net: NetName=AGND Pin=FB2-1
Added Pin To Net: NetName=GND Pin=FB2-2
Added Pin To Net: NetName=GND Pin=FB3-1
Added Pin To Net: NetName=PGND Pin=FB3-2
Added Pin To Net: NetName=PVCC Pin=J-1-1
Added Pin To Net: NetName=PGND Pin=J-1-2
Added Pin To Net: NetName=NetJP1_1 Pin=JP1-1
Added Pin To Net: NetName=GND Pin=JP1-2
Added Pin To Net: NetName=IPS_RES Pin=JP1-3
Added Pin To Net: NetName=IPS_DC Pin=JP1-4
Added Pin To Net: NetName=IPS_SDA Pin=JP1-5
Added Pin To Net: NetName=IPS_SCL Pin=JP1-6
Added Pin To Net: NetName=IPS3V3 Pin=JP1-7
Added Pin To Net: NetName=IPS_CS Pin=JP1-8
Added Pin To Net: NetName=NRST Pin=K1-1
Added Pin To Net: NetName=GND Pin=K1-2
Added Pin To Net: NetName=NRST Pin=K1-3
Added Pin To Net: NetName=GND Pin=K1-4
Added Pin To Net: NetName=BOOT0 Pin=K2-1
Added Pin To Net: NetName=3V3 Pin=K2-2
Added Pin To Net: NetName=BOOT0 Pin=K2-3
Added Pin To Net: NetName=3V3 Pin=K2-4
Added Pin To Net: NetName=NetC7_1 Pin=L1-1
Added Pin To Net: NetName=5V Pin=L1-2
Added Pin To Net: NetName=NetQ1_1 Pin=Q1-1
Added Pin To Net: NetName=3V3 Pin=Q1-2
Added Pin To Net: NetName=NetQ1_3 Pin=Q1-3
Added Pin To Net: NetName=NetC3_2 Pin=R1-1
Added Pin To Net: NetName=NetC1_2 Pin=R1-2
Added Pin To Net: NetName=NetR2_1 Pin=R2-1
Added Pin To Net: NetName=5V Pin=R2-2
Added Pin To Net: NetName=NetR3_1 Pin=R3-1
Added Pin To Net: NetName=PGND Pin=R3-2
Added Pin To Net: NetName=PGND Pin=R4-1
Added Pin To Net: NetName=NetR2_1 Pin=R4-2
Added Pin To Net: NetName=NetR5_1 Pin=R5-1
Added Pin To Net: NetName=PGND Pin=R5-2
Added Pin To Net: NetName=PVCC Pin=R6-1
Added Pin To Net: NetName=ADC1 Pin=R6-2
Added Pin To Net: NetName=ADC1 Pin=R7-1
Added Pin To Net: NetName=PGND Pin=R7-2
Added Pin To Net: NetName=3V3 Pin=R8-1
Added Pin To Net: NetName=NRST Pin=R8-2
Added Pin To Net: NetName=NetR9_1 Pin=R9-1
Added Pin To Net: NetName=SO1 Pin=R9-2
Added Pin To Net: NetName=SN1 Pin=R10-1
Added Pin To Net: NetName=NetC17_2 Pin=R10-2
Added Pin To Net: NetName=NetR11_1 Pin=R11-1
Added Pin To Net: NetName=SO2 Pin=R11-2
Added Pin To Net: NetName=SN2 Pin=R12-1
Added Pin To Net: NetName=NetC21_2 Pin=R12-2
Added Pin To Net: NetName=BOOT0 Pin=R13-1
Added Pin To Net: NetName=GND Pin=R13-2
Added Pin To Net: NetName=IPS_BLK Pin=R14-1
Added Pin To Net: NetName=NetQ1_1 Pin=R14-2
Added Pin To Net: NetName=3V3 Pin=R15-1
Added Pin To Net: NetName=NetD3_1 Pin=R15-2
Added Pin To Net: NetName=3V3 Pin=R16-1
Added Pin To Net: NetName=NetQ1_1 Pin=R16-2
Added Pin To Net: NetName=NetQ1_3 Pin=R17-1
Added Pin To Net: NetName=NetJP1_1 Pin=R17-2
Added Pin To Net: NetName=5V Pin=R18-1
Added Pin To Net: NetName=NetD4_1 Pin=R18-2
Added Pin To Net: NetName=IPS_RES Pin=U1-2
Added Pin To Net: NetName=IPS_DC Pin=U1-3
Added Pin To Net: NetName=IPS_CS Pin=U1-4
Added Pin To Net: NetName=OSC_IN Pin=U1-5
Added Pin To Net: NetName=OSC_OUT Pin=U1-6
Added Pin To Net: NetName=NRST Pin=U1-7
Added Pin To Net: NetName=AGND Pin=U1-12
Added Pin To Net: NetName=AVCC Pin=U1-13
Added Pin To Net: NetName=AH Pin=U1-15
Added Pin To Net: NetName=AL Pin=U1-16
Added Pin To Net: NetName=BH Pin=U1-17
Added Pin To Net: NetName=BL Pin=U1-20
Added Pin To Net: NetName=CL Pin=U1-23
Added Pin To Net: NetName=ADC1 Pin=U1-26
Added Pin To Net: NetName=SO1 Pin=U1-27
Added Pin To Net: NetName=SO2 Pin=U1-28
Added Pin To Net: NetName=GND Pin=U1-31
Added Pin To Net: NetName=3V3 Pin=U1-32
Added Pin To Net: NetName=SPI_CS1 Pin=U1-37
Added Pin To Net: NetName=CH Pin=U1-41
Added Pin To Net: NetName=SWDIO Pin=U1-46
Added Pin To Net: NetName=SPI_CS2 Pin=U1-47
Added Pin To Net: NetName=SWCLK Pin=U1-49
Added Pin To Net: NetName=IPS_BLK Pin=U1-51
Added Pin To Net: NetName=IPS_SCL Pin=U1-52
Added Pin To Net: NetName=IPS_SDA Pin=U1-53
Added Pin To Net: NetName=SPI_SCK Pin=U1-55
Added Pin To Net: NetName=SPI_MISO Pin=U1-56
Added Pin To Net: NetName=SPI_MOSI Pin=U1-57
Added Pin To Net: NetName=BOOT0 Pin=U1-60
Added Pin To Net: NetName=GND Pin=U1-63
Added Pin To Net: NetName=3V3 Pin=U1-64
Added Pin To Net: NetName=NetR3_1 Pin=U2-1
Added Pin To Net: NetName=NetC1_2 Pin=U2-2
Added Pin To Net: NetName=NetR2_1 Pin=U2-3
Added Pin To Net: NetName=OCTW Pin=U2-5
Added Pin To Net: NetName=FAULT Pin=U2-6
Added Pin To Net: NetName=NetR5_1 Pin=U2-7
Added Pin To Net: NetName=SPI_CS1 Pin=U2-8
Added Pin To Net: NetName=SPI_MOSI Pin=U2-9
Added Pin To Net: NetName=SPI_MISO Pin=U2-10
Added Pin To Net: NetName=SPI_SCK Pin=U2-11
Added Pin To Net: NetName=DC_CAL Pin=U2-12
Added Pin To Net: NetName=NetC11_2 Pin=U2-13
Added Pin To Net: NetName=NetC13_2 Pin=U2-14
Added Pin To Net: NetName=NetC13_1 Pin=U2-15
Added Pin To Net: NetName=EN_GATE Pin=U2-16
Added Pin To Net: NetName=AH Pin=U2-17
Added Pin To Net: NetName=AL Pin=U2-18
Added Pin To Net: NetName=BH Pin=U2-19
Added Pin To Net: NetName=BL Pin=U2-20
Added Pin To Net: NetName=CH Pin=U2-21
Added Pin To Net: NetName=CL Pin=U2-22
Added Pin To Net: NetName=NetC15_2 Pin=U2-23
Added Pin To Net: NetName=AVCC Pin=U2-24
Added Pin To Net: NetName=NetR9_1 Pin=U2-25
Added Pin To Net: NetName=NetR11_1 Pin=U2-26
Added Pin To Net: NetName=NetC18_2 Pin=U2-27
Added Pin To Net: NetName=AGND Pin=U2-28
Added Pin To Net: NetName=PVCC Pin=U2-29
Added Pin To Net: NetName=SP2 Pin=U2-30
Added Pin To Net: NetName=NetC21_2 Pin=U2-31
Added Pin To Net: NetName=SP1 Pin=U2-32
Added Pin To Net: NetName=NetC17_2 Pin=U2-33
Added Pin To Net: NetName=SL_C Pin=U2-34
Added Pin To Net: NetName=GL_C Pin=U2-35
Added Pin To Net: NetName=SH_C Pin=U2-36
Added Pin To Net: NetName=GH_C Pin=U2-37
Added Pin To Net: NetName=NetC14_2 Pin=U2-38
Added Pin To Net: NetName=SL_B Pin=U2-39
Added Pin To Net: NetName=GL_B Pin=U2-40
Added Pin To Net: NetName=SH_B Pin=U2-41
Added Pin To Net: NetName=GH_B Pin=U2-42
Added Pin To Net: NetName=NetC12_2 Pin=U2-43
Added Pin To Net: NetName=SL_A Pin=U2-44
Added Pin To Net: NetName=GL_A Pin=U2-45
Added Pin To Net: NetName=SH_A Pin=U2-46
Added Pin To Net: NetName=GH_A Pin=U2-47
Added Pin To Net: NetName=NetC9_2 Pin=U2-48
Added Pin To Net: NetName=3V3 Pin=U2-49
Added Pin To Net: NetName=NetC7_1 Pin=U2-50
Added Pin To Net: NetName=NetC7_1 Pin=U2-51
Added Pin To Net: NetName=NetC7_2 Pin=U2-52
Added Pin To Net: NetName=PVCC Pin=U2-53
Added Pin To Net: NetName=PVCC Pin=U2-54
Added Pin To Net: NetName=PGND Pin=U2-57
Added Pin To Net: NetName=NetC25_1 Pin=U3-1
Added Pin To Net: NetName=GND Pin=U3-2
Added Pin To Net: NetName=NetC25_1 Pin=U3-3
Added Pin To Net: NetName=3V3 Pin=U3-5
Added Pin To Net: NetName=SPI_CS2 Pin=U4-1
Added Pin To Net: NetName=SPI_SCK Pin=U4-2
Added Pin To Net: NetName=SPI_MISO Pin=U4-3
Added Pin To Net: NetName=SPI_MOSI Pin=U4-4
Added Pin To Net: NetName=GND Pin=U4-5
Added Pin To Net: NetName=3V3 Pin=U4-11
Added Pin To Net: NetName=3V3 Pin=U4-12
Added Pin To Net: NetName=GND Pin=U4-13
Added Pin To Net: NetName=GND Pin=V1-1
Added Pin To Net: NetName=IPS3V3 Pin=V1-2
Added Pin To Net: NetName=3V3 Pin=V1-3
Added Pin To Net: NetName=OSC_OUT Pin=Y1-1
Added Pin To Net: NetName=GND Pin=Y1-2
Added Pin To Net: NetName=OSC_IN Pin=Y1-3
Added Member To Class: ClassName=Main Member=Component C1 82pF
Added Member To Class: ClassName=Main Member=Component C2 4.7uF
Added Member To Class: ClassName=Main Member=Component C3 270pF
Added Member To Class: ClassName=Main Member=Component C4 100nF
Added Member To Class: ClassName=Main Member=Component C5 100nF
Added Member To Class: ClassName=Main Member=Component C6 100nF
Added Member To Class: ClassName=Main Member=Component C7 100nF
Added Member To Class: ClassName=Main Member=Component C8 100nF
Added Member To Class: ClassName=Main Member=Component C9 100nF
Added Member To Class: ClassName=Main Member=Component C10 100nF
Added Member To Class: ClassName=Main Member=Component C11 2.2uF
Added Member To Class: ClassName=Main Member=Component C12 100nF
Added Member To Class: ClassName=Main Member=Component C13 22nF
Added Member To Class: ClassName=Main Member=Component C14 100nF
Added Member To Class: ClassName=Main Member=Component C15 2.2uF
Added Member To Class: ClassName=Main Member=Component C16 100nF
Added Member To Class: ClassName=Main Member=Component C17 2.2nF
Added Member To Class: ClassName=Main Member=Component C18 2.2uF
Added Member To Class: ClassName=Main Member=Component C19 2.2nF
Added Member To Class: ClassName=Main Member=Component C20 2.2nF
Added Member To Class: ClassName=Main Member=Component C21 2.2nF
Added Member To Class: ClassName=Main Member=Component C22 4.7uF
Added Member To Class: ClassName=Main Member=Component C23 100nF
Added Member To Class: ClassName=Main Member=Component C24 100nF
Added Member To Class: ClassName=Main Member=Component C25 100nF
Added Member To Class: ClassName=Main Member=Component C26 100nF
Added Member To Class: ClassName=Main Member=Component C27 100nF
Added Member To Class: ClassName=Main Member=Component C28 1uF
Added Member To Class: ClassName=Main Member=Component C29 1uF
Added Member To Class: ClassName=Main Member=Component D1 SS54
Added Member To Class: ClassName=Main Member=Component D2 B5919WS
Added Member To Class: ClassName=Main Member=Component D3 LED-W
Added Member To Class: ClassName=Main Member=Component D4 LED-W
Added Member To Class: ClassName=Main Member=Component DZ1 PTVS3V3S1UR
Added Member To Class: ClassName=Main Member=Component DZ2 BZT52C3V6
Added Member To Class: ClassName=Main Member=Component E1 68uF/10V
Added Member To Class: ClassName=Main Member=Component E2 10uF/16V
Added Member To Class: ClassName=Main Member=Component E3 47uF/10V
Added Member To Class: ClassName=Main Member=Component F1 350mA
Added Member To Class: ClassName=Main Member=Component FB1 0R
Added Member To Class: ClassName=Main Member=Component FB2 0R
Added Member To Class: ClassName=Main Member=Component FB3 0R
Added Member To Class: ClassName=Main Member=Component J-1 Conects
Added Member To Class: ClassName=Main Member=Component JP1 IPS1.14
Added Member To Class: ClassName=Main Member=Component JP2 HDR-1X4
Added Member To Class: ClassName=Main Member=Component JP3 CON-6P
Added Member To Class: ClassName=Main Member=Component JP4 CON-6P
Added Member To Class: ClassName=Main Member=Component JP5 Header 6X2
Added Member To Class: ClassName=Main Member=Component K1 TACT 4P
Added Member To Class: ClassName=Main Member=Component K2 TACT 4P
Added Member To Class: ClassName=Main Member=Component L1 22uH
Added Member To Class: ClassName=Main Member=Component Q1 SS8550
Added Member To Class: ClassName=Main Member=Component R1 47K
Added Member To Class: ClassName=Main Member=Component R2 18K
Added Member To Class: ClassName=Main Member=Component R3 220K
Added Member To Class: ClassName=Main Member=Component R4 3.3K
Added Member To Class: ClassName=Main Member=Component R5 18K
Added Member To Class: ClassName=Main Member=Component R6 300K
Added Member To Class: ClassName=Main Member=Component R7 100K
Added Member To Class: ClassName=Main Member=Component R8 10K
Added Member To Class: ClassName=Main Member=Component R9 22R
Added Member To Class: ClassName=Main Member=Component R10 120R
Added Member To Class: ClassName=Main Member=Component R11 22R
Added Member To Class: ClassName=Main Member=Component R12 120R
Added Member To Class: ClassName=Main Member=Component R13 10K
Added Member To Class: ClassName=Main Member=Component R14 1K
Added Member To Class: ClassName=Main Member=Component R15 2.7K
Added Member To Class: ClassName=Main Member=Component R16 10K
Added Member To Class: ClassName=Main Member=Component R17 10R
Added Member To Class: ClassName=Main Member=Component R18 10K
Added Member To Class: ClassName=Main Member=Component U1 MM32SPIN27PS
Added Member To Class: ClassName=Main Member=Component U2 DRV8301DCA
Added Member To Class: ClassName=Main Member=Component U3 RT9013-33
Added Member To Class: ClassName=Main Member=Component U4 AS5047P-ATST
Added Member To Class: ClassName=Main Member=Component V1 XC6206P332MR
Added Member To Class: ClassName=Main Member=Component Y1 8MHz
Added Room: Name=Main
